2019-02-02 19:07:56,868 CRIT Supervisor running as root (no user in config file)
2019-02-02 19:07:56,870 INFO supervisord started with pid 1
2019-02-02 19:07:57,875 INFO spawned: 'laravel-worker_00' with pid 8
2019-02-02 19:07:57,878 INFO spawned: 'laravel-worker_01' with pid 9
2019-02-02 19:07:57,904 INFO exited: laravel-worker_01 (exit status 255; not expected)
2019-02-02 19:07:57,905 INFO exited: laravel-worker_00 (exit status 255; not expected)
2019-02-02 19:07:58,906 INFO spawned: 'laravel-worker_00' with pid 10
2019-02-02 19:07:58,908 INFO spawned: 'laravel-worker_01' with pid 11
2019-02-02 19:07:58,939 INFO exited: laravel-worker_00 (exit status 255; not expected)
2019-02-02 19:07:58,940 INFO exited: laravel-worker_01 (exit status 255; not expected)
2019-02-02 19:08:00,945 INFO spawned: 'laravel-worker_00' with pid 12
2019-02-02 19:08:00,949 INFO spawned: 'laravel-worker_01' with pid 13
2019-02-02 19:08:00,978 INFO exited: laravel-worker_00 (exit status 255; not expected)
2019-02-02 19:08:00,983 INFO exited: laravel-worker_01 (exit status 255; not expected)
2019-02-02 19:08:03,986 INFO spawned: 'laravel-worker_00' with pid 14
2019-02-02 19:08:03,988 INFO spawned: 'laravel-worker_01' with pid 15
2019-02-02 19:08:04,014 INFO exited: laravel-worker_00 (exit status 255; not expected)
2019-02-02 19:08:04,017 INFO gave up: laravel-worker_00 entered FATAL state, too many start retries too quickly
2019-02-02 19:08:04,020 INFO exited: laravel-worker_01 (exit status 255; not expected)
2019-02-02 19:08:05,022 INFO gave up: laravel-worker_01 entered FATAL state, too many start retries too quickly
2019-02-02 19:27:27,057 CRIT Supervisor running as root (no user in config file)
2019-02-02 19:27:27,061 INFO supervisord started with pid 1
2019-02-02 19:27:28,065 INFO spawned: 'laravel-worker_00' with pid 8
2019-02-02 19:27:28,069 INFO spawned: 'laravel-worker_01' with pid 9
2019-02-02 19:27:28,146 INFO exited: laravel-worker_01 (exit status 255; not expected)
2019-02-02 19:27:28,148 INFO exited: laravel-worker_00 (exit status 255; not expected)
2019-02-02 19:27:29,149 INFO spawned: 'laravel-worker_00' with pid 10
2019-02-02 19:27:29,151 INFO spawned: 'laravel-worker_01' with pid 11
2019-02-02 19:27:29,177 INFO exited: laravel-worker_01 (exit status 255; not expected)
2019-02-02 19:27:29,188 INFO exited: laravel-worker_00 (exit status 255; not expected)
2019-02-02 19:27:31,194 INFO spawned: 'laravel-worker_00' with pid 12
2019-02-02 19:27:31,198 INFO spawned: 'laravel-worker_01' with pid 13
2019-02-02 19:27:31,224 INFO exited: laravel-worker_00 (exit status 255; not expected)
2019-02-02 19:27:31,224 INFO exited: laravel-worker_01 (exit status 255; not expected)
2019-02-02 19:27:34,228 INFO spawned: 'laravel-worker_00' with pid 14
2019-02-02 19:27:34,230 INFO spawned: 'laravel-worker_01' with pid 15
2019-02-02 19:27:34,256 INFO exited: laravel-worker_00 (exit status 255; not expected)
2019-02-02 19:27:34,256 INFO exited: laravel-worker_01 (exit status 255; not expected)
2019-02-02 19:27:35,256 INFO gave up: laravel-worker_00 entered FATAL state, too many start retries too quickly
2019-02-02 19:27:35,256 INFO gave up: laravel-worker_01 entered FATAL state, too many start retries too quickly
2019-02-02 19:56:25,617 CRIT Supervisor running as root (no user in config file)
2019-02-02 19:56:25,623 INFO supervisord started with pid 1
2019-02-02 19:56:26,625 INFO spawned: 'laravel-worker_00' with pid 8
2019-02-02 19:56:26,626 INFO spawned: 'laravel-worker_01' with pid 9
2019-02-02 19:56:26,649 INFO exited: laravel-worker_00 (exit status 255; not expected)
2019-02-02 19:56:26,661 INFO exited: laravel-worker_01 (exit status 255; not expected)
2019-02-02 19:56:27,665 INFO spawned: 'laravel-worker_00' with pid 10
2019-02-02 19:56:27,670 INFO spawned: 'laravel-worker_01' with pid 11
2019-02-02 19:56:27,695 INFO exited: laravel-worker_00 (exit status 255; not expected)
2019-02-02 19:56:27,695 INFO exited: laravel-worker_01 (exit status 255; not expected)
2019-02-02 19:56:29,699 INFO spawned: 'laravel-worker_00' with pid 12
2019-02-02 19:56:29,701 INFO spawned: 'laravel-worker_01' with pid 13
2019-02-02 19:56:29,732 INFO exited: laravel-worker_00 (exit status 255; not expected)
2019-02-02 19:56:29,734 INFO exited: laravel-worker_01 (exit status 255; not expected)
2019-02-02 19:56:32,739 INFO spawned: 'laravel-worker_00' with pid 14
2019-02-02 19:56:32,741 INFO spawned: 'laravel-worker_01' with pid 15
2019-02-02 19:56:32,763 INFO exited: laravel-worker_00 (exit status 255; not expected)
2019-02-02 19:56:32,771 INFO gave up: laravel-worker_00 entered FATAL state, too many start retries too quickly
2019-02-02 19:56:32,774 INFO exited: laravel-worker_01 (exit status 255; not expected)
2019-02-02 19:56:33,776 INFO gave up: laravel-worker_01 entered FATAL state, too many start retries too quickly
2019-02-02 20:08:06,060 WARN received SIGTERM indicating exit request
2019-02-02 20:08:07,257 CRIT Supervisor running as root (no user in config file)
2019-02-02 20:08:07,259 INFO supervisord started with pid 1
2019-02-02 20:08:08,262 INFO spawned: 'laravel-worker_00' with pid 8
2019-02-02 20:08:08,268 INFO spawned: 'laravel-worker_01' with pid 9
2019-02-02 20:08:09,271 INFO success: laravel-worker_00 entered RUNNING state, process has stayed up for > than 1 seconds (startsecs)
2019-02-02 20:08:09,271 INFO success: laravel-worker_01 entered RUNNING state, process has stayed up for > than 1 seconds (startsecs)
2019-02-02 20:40:44,626 CRIT Supervisor running as root (no user in config file)
2019-02-02 20:40:44,629 INFO supervisord started with pid 1
2019-02-02 20:40:45,634 INFO spawned: 'laravel-worker_00' with pid 8
2019-02-02 20:40:45,639 INFO spawned: 'laravel-worker_01' with pid 9
2019-02-02 20:40:46,640 INFO success: laravel-worker_00 entered RUNNING state, process has stayed up for > than 1 seconds (startsecs)
2019-02-02 20:40:46,640 INFO success: laravel-worker_01 entered RUNNING state, process has stayed up for > than 1 seconds (startsecs)
2019-02-02 20:40:51,183 WARN received SIGTERM indicating exit request
2019-02-02 20:40:51,183 INFO waiting for laravel-worker_00, laravel-worker_01 to die
2019-02-02 20:40:51,185 INFO stopped: laravel-worker_00 (terminated by SIGTERM)
2019-02-02 20:40:51,185 INFO stopped: laravel-worker_01 (terminated by SIGTERM)
2019-02-02 20:41:02,446 CRIT Supervisor running as root (no user in config file)
2019-02-02 20:41:02,448 INFO supervisord started with pid 1
2019-02-02 20:41:03,453 INFO spawned: 'laravel-worker_00' with pid 7
2019-02-02 20:41:03,457 INFO spawned: 'laravel-worker_01' with pid 8
2019-02-02 20:41:04,459 INFO success: laravel-worker_00 entered RUNNING state, process has stayed up for > than 1 seconds (startsecs)
2019-02-02 20:41:04,459 INFO success: laravel-worker_01 entered RUNNING state, process has stayed up for > than 1 seconds (startsecs)
2019-02-02 21:22:10,820 CRIT Supervisor running as root (no user in config file)
2019-02-02 21:22:10,832 INFO supervisord started with pid 1
2019-02-02 21:22:11,834 INFO spawned: 'laravel-worker_00' with pid 7
2019-02-02 21:22:11,836 INFO spawned: 'laravel-worker_01' with pid 8
2019-02-02 21:22:12,838 INFO success: laravel-worker_00 entered RUNNING state, process has stayed up for > than 1 seconds (startsecs)
2019-02-02 21:22:12,838 INFO success: laravel-worker_01 entered RUNNING state, process has stayed up for > than 1 seconds (startsecs)
2019-02-02 22:40:12,715 CRIT Supervisor running as root (no user in config file)
2019-02-02 22:40:12,724 INFO supervisord started with pid 1
2019-02-02 22:40:13,726 INFO spawned: 'laravel-worker_00' with pid 8
2019-02-02 22:40:13,728 INFO spawned: 'laravel-worker_01' with pid 9
2019-02-02 22:40:14,729 INFO success: laravel-worker_00 entered RUNNING state, process has stayed up for > than 1 seconds (startsecs)
2019-02-02 22:40:14,729 INFO success: laravel-worker_01 entered RUNNING state, process has stayed up for > than 1 seconds (startsecs)
2019-02-02 23:14:20,952 CRIT Supervisor running as root (no user in config file)
2019-02-02 23:14:21,074 INFO supervisord started with pid 1
2019-02-02 23:14:22,081 INFO spawned: 'laravel-worker_00' with pid 8
2019-02-02 23:14:22,087 INFO spawned: 'laravel-worker_01' with pid 9
2019-02-02 23:14:23,091 INFO success: laravel-worker_00 entered RUNNING state, process has stayed up for > than 1 seconds (startsecs)
2019-02-02 23:14:23,093 INFO success: laravel-worker_01 entered RUNNING state, process has stayed up for > than 1 seconds (startsecs)
